{
  "/home/marilia/Documentos/Master-OpenClassrooms/projet-05/Testez-une-application-full-stack/front/src/app/app.component.ts": {
    "path": "/home/marilia/Documentos/Master-OpenClassrooms/projet-05/Testez-une-application-full-stack/front/src/app/app.component.ts",
    "statementMap": {
      "0": {
        "start": {
          "line": 10,
          "column": 2
        },
        "end": {
          "line": 27,
          "column": 3
        }
      },
      "1": {
        "start": {
          "line": 11,
          "column": 16
        },
        "end": {
          "line": 11,
          "column": 37
        }
      },
      "2": {
        "start": {
          "line": 13,
          "column": 4
        },
        "end": {
          "line": 13,
          "column": 46
        }
      },
      "3": {
        "start": {
          "line": 14,
          "column": 4
        },
        "end": {
          "line": 14,
          "column": 29
        }
      },
      "4": {
        "start": {
          "line": 15,
          "column": 4
        },
        "end": {
          "line": 15,
          "column": 22
        }
      },
      "5": {
        "start": {
          "line": 16,
          "column": 4
        },
        "end": {
          "line": 16,
          "column": 36
        }
      },
      "6": {
        "start": {
          "line": 17,
          "column": 4
        },
        "end": {
          "line": 17,
          "column": 28
        }
      },
      "7": {
        "start": {
          "line": 18,
          "column": 4
        },
        "end": {
          "line": 18,
          "column": 22
        }
      },
      "8": {
        "start": {
          "line": 19,
          "column": 4
        },
        "end": {
          "line": 19,
          "column": 36
        }
      },
      "9": {
        "start": {
          "line": 20,
          "column": 4
        },
        "end": {
          "line": 24,
          "column": 7
        }
      },
      "10": {
        "start": {
          "line": 21,
          "column": 6
        },
        "end": {
          "line": 21,
          "column": 28
        }
      },
      "11": {
        "start": {
          "line": 22,
          "column": 21
        },
        "end": {
          "line": 22,
          "column": 39
        }
      },
      "12": {
        "start": {
          "line": 23,
          "column": 6
        },
        "end": {
          "line": 23,
          "column": 45
        }
      },
      "13": {
        "start": {
          "line": 25,
          "column": 4
        },
        "end": {
          "line": 25,
          "column": 27
        }
      },
      "14": {
        "start": {
          "line": 26,
          "column": 4
        },
        "end": {
          "line": 26,
          "column": 24
        }
      },
      "15": {
        "start": {
          "line": 31,
          "column": 2
        },
        "end": {
          "line": 38,
          "column": 3
        }
      },
      "16": {
        "start": {
          "line": 32,
          "column": 4
        },
        "end": {
          "line": 32,
          "column": 46
        }
      },
      "17": {
        "start": {
          "line": 33,
          "column": 4
        },
        "end": {
          "line": 33,
          "column": 26
        }
      },
      "18": {
        "start": {
          "line": 34,
          "column": 4
        },
        "end": {
          "line": 34,
          "column": 22
        }
      },
      "19": {
        "start": {
          "line": 35,
          "column": 4
        },
        "end": {
          "line": 35,
          "column": 36
        }
      },
      "20": {
        "start": {
          "line": 36,
          "column": 4
        },
        "end": {
          "line": 36,
          "column": 29
        }
      },
      "21": {
        "start": {
          "line": 37,
          "column": 4
        },
        "end": {
          "line": 37,
          "column": 24
        }
      },
      "22": {
        "start": {
          "line": 41,
          "column": 39
        },
        "end": {
          "line": 95,
          "column": 4
        }
      },
      "23": {
        "start": {
          "line": 44,
          "column": 6
        },
        "end": {
          "line": 44,
          "column": 37
        }
      },
      "24": {
        "start": {
          "line": 45,
          "column": 6
        },
        "end": {
          "line": 45,
          "column": 27
        }
      },
      "25": {
        "start": {
          "line": 46,
          "column": 6
        },
        "end": {
          "line": 46,
          "column": 43
        }
      },
      "26": {
        "start": {
          "line": 50,
          "column": 6
        },
        "end": {
          "line": 50,
          "column": 45
        }
      },
      "27": {
        "start": {
          "line": 54,
          "column": 6
        },
        "end": {
          "line": 54,
          "column": 35
        }
      },
      "28": {
        "start": {
          "line": 55,
          "column": 6
        },
        "end": {
          "line": 55,
          "column": 33
        }
      },
      "29": {
        "start": {
          "line": 60,
          "column": 2
        },
        "end": {
          "line": 62,
          "column": 4
        }
      },
      "30": {
        "start": {
          "line": 61,
          "column": 4
        },
        "end": {
          "line": 61,
          "column": 147
        }
      },
      "31": {
        "start": {
          "line": 64,
          "column": 2
        },
        "end": {
          "line": 93,
          "column": 5
        }
      },
      "32": {
        "start": {
          "line": 71,
          "column": 6
        },
        "end": {
          "line": 82,
          "column": 7
        }
      },
      "33": {
        "start": {
          "line": 72,
          "column": 8
        },
        "end": {
          "line": 72,
          "column": 71
        }
      },
      "34": {
        "start": {
          "line": 73,
          "column": 8
        },
        "end": {
          "line": 73,
          "column": 33
        }
      },
      "35": {
        "start": {
          "line": 74,
          "column": 8
        },
        "end": {
          "line": 74,
          "column": 26
        }
      },
      "36": {
        "start": {
          "line": 75,
          "column": 8
        },
        "end": {
          "line": 75,
          "column": 70
        }
      },
      "37": {
        "start": {
          "line": 76,
          "column": 8
        },
        "end": {
          "line": 76,
          "column": 30
        }
      },
      "38": {
        "start": {
          "line": 77,
          "column": 8
        },
        "end": {
          "line": 77,
          "column": 119
        }
      },
      "39": {
        "start": {
          "line": 78,
          "column": 8
        },
        "end": {
          "line": 78,
          "column": 26
        }
      },
      "40": {
        "start": {
          "line": 79,
          "column": 8
        },
        "end": {
          "line": 79,
          "column": 36
        }
      },
      "41": {
        "start": {
          "line": 80,
          "column": 8
        },
        "end": {
          "line": 80,
          "column": 41
        }
      },
      "42": {
        "start": {
          "line": 81,
          "column": 8
        },
        "end": {
          "line": 81,
          "column": 28
        }
      },
      "43": {
        "start": {
          "line": 84,
          "column": 6
        },
        "end": {
          "line": 89,
          "column": 7
        }
      },
      "44": {
        "start": {
          "line": 85,
          "column": 20
        },
        "end": {
          "line": 85,
          "column": 37
        }
      },
      "45": {
        "start": {
          "line": 87,
          "column": 8
        },
        "end": {
          "line": 87,
          "column": 24
        }
      },
      "46": {
        "start": {
          "line": 88,
          "column": 8
        },
        "end": {
          "line": 88,
          "column": 86
        }
      },
      "47": {
        "start": {
          "line": 94,
          "column": 2
        },
        "end": {
          "line": 94,
          "column": 22
        }
      }
    },
    "fnMap": {
      "0": {
        "name": "AppComponent_div_4_Template",
        "decl": {
          "start": {
            "line": 9,
            "column": 9
          },
          "end": {
            "line": 9,
            "column": 36
          }
        },
        "loc": {
          "start": {
            "line": 9,
            "column": 46
          },
          "end": {
            "line": 28,
            "column": 1
          }
        },
        "line": 9
      },
      "1": {
        "name": "AppComponent_div_4_Template_span_click_5_listener",
        "decl": {
          "start": {
            "line": 20,
            "column": 36
          },
          "end": {
            "line": 20,
            "column": 85
          }
        },
        "loc": {
          "start": {
            "line": 20,
            "column": 88
          },
          "end": {
            "line": 24,
            "column": 5
          }
        },
        "line": 20
      },
      "2": {
        "name": "AppComponent_ng_template_6_Template",
        "decl": {
          "start": {
            "line": 30,
            "column": 9
          },
          "end": {
            "line": 30,
            "column": 44
          }
        },
        "loc": {
          "start": {
            "line": 30,
            "column": 54
          },
          "end": {
            "line": 39,
            "column": 1
          }
        },
        "line": 30
      },
      "3": {
        "name": "(anonymous_3)",
        "decl": {
          "start": {
            "line": 41,
            "column": 40
          },
          "end": {
            "line": 41,
            "column": 41
          }
        },
        "loc": {
          "start": {
            "line": 41,
            "column": 46
          },
          "end": {
            "line": 95,
            "column": 1
          }
        },
        "line": 41
      },
      "4": {
        "name": "(anonymous_4)",
        "decl": {
          "start": {
            "line": 43,
            "column": 4
          },
          "end": {
            "line": 43,
            "column": 5
          }
        },
        "loc": {
          "start": {
            "line": 43,
            "column": 53
          },
          "end": {
            "line": 47,
            "column": 5
          }
        },
        "line": 43
      },
      "5": {
        "name": "(anonymous_5)",
        "decl": {
          "start": {
            "line": 49,
            "column": 4
          },
          "end": {
            "line": 49,
            "column": 5
          }
        },
        "loc": {
          "start": {
            "line": 49,
            "column": 16
          },
          "end": {
            "line": 51,
            "column": 5
          }
        },
        "line": 49
      },
      "6": {
        "name": "(anonymous_6)",
        "decl": {
          "start": {
            "line": 53,
            "column": 4
          },
          "end": {
            "line": 53,
            "column": 5
          }
        },
        "loc": {
          "start": {
            "line": 53,
            "column": 13
          },
          "end": {
            "line": 56,
            "column": 5
          }
        },
        "line": 53
      },
      "7": {
        "name": "AppComponent_Factory",
        "decl": {
          "start": {
            "line": 60,
            "column": 31
          },
          "end": {
            "line": 60,
            "column": 51
          }
        },
        "loc": {
          "start": {
            "line": 60,
            "column": 55
          },
          "end": {
            "line": 62,
            "column": 3
          }
        },
        "line": 60
      },
      "8": {
        "name": "AppComponent_Template",
        "decl": {
          "start": {
            "line": 70,
            "column": 23
          },
          "end": {
            "line": 70,
            "column": 44
          }
        },
        "loc": {
          "start": {
            "line": 70,
            "column": 54
          },
          "end": {
            "line": 90,
            "column": 5
          }
        },
        "line": 70
      }
    },
    "branchMap": {
      "0": {
        "loc": {
          "start": {
            "line": 10,
            "column": 2
          },
          "end": {
            "line": 27,
            "column": 3
          }
        },
        "type": "if",
        "locations": [
          {
            "start": {
              "line": 10,
              "column": 2
            },
            "end": {
              "line": 27,
              "column": 3
            }
          },
          {
            "start": {
              "line": 10,
              "column": 2
            },
            "end": {
              "line": 27,
              "column": 3
            }
          }
        ],
        "line": 10
      },
      "1": {
        "loc": {
          "start": {
            "line": 31,
            "column": 2
          },
          "end": {
            "line": 38,
            "column": 3
          }
        },
        "type": "if",
        "locations": [
          {
            "start": {
              "line": 31,
              "column": 2
            },
            "end": {
              "line": 38,
              "column": 3
            }
          },
          {
            "start": {
              "line": 31,
              "column": 2
            },
            "end": {
              "line": 38,
              "column": 3
            }
          }
        ],
        "line": 31
      },
      "2": {
        "loc": {
          "start": {
            "line": 61,
            "column": 16
          },
          "end": {
            "line": 61,
            "column": 33
          }
        },
        "type": "binary-expr",
        "locations": [
          {
            "start": {
              "line": 61,
              "column": 16
            },
            "end": {
              "line": 61,
              "column": 17
            }
          },
          {
            "start": {
              "line": 61,
              "column": 21
            },
            "end": {
              "line": 61,
              "column": 33
            }
          }
        ],
        "line": 61
      },
      "3": {
        "loc": {
          "start": {
            "line": 71,
            "column": 6
          },
          "end": {
            "line": 82,
            "column": 7
          }
        },
        "type": "if",
        "locations": [
          {
            "start": {
              "line": 71,
              "column": 6
            },
            "end": {
              "line": 82,
              "column": 7
            }
          },
          {
            "start": {
              "line": 71,
              "column": 6
            },
            "end": {
              "line": 82,
              "column": 7
            }
          }
        ],
        "line": 71
      },
      "4": {
        "loc": {
          "start": {
            "line": 84,
            "column": 6
          },
          "end": {
            "line": 89,
            "column": 7
          }
        },
        "type": "if",
        "locations": [
          {
            "start": {
              "line": 84,
              "column": 6
            },
            "end": {
              "line": 89,
              "column": 7
            }
          },
          {
            "start": {
              "line": 84,
              "column": 6
            },
            "end": {
              "line": 89,
              "column": 7
            }
          }
        ],
        "line": 84
      }
    },
    "s": {
      "0": 508,
      "1": 18,
      "2": 18,
      "3": 18,
      "4": 18,
      "5": 18,
      "6": 18,
      "7": 18,
      "8": 18,
      "9": 18,
      "10": 0,
      "11": 0,
      "12": 0,
      "13": 18,
      "14": 18,
      "15": 1202,
      "16": 26,
      "17": 26,
      "18": 26,
      "19": 26,
      "20": 26,
      "21": 26,
      "22": 26,
      "23": 26,
      "24": 26,
      "25": 26,
      "26": 1666,
      "27": 0,
      "28": 0,
      "29": 26,
      "30": 26,
      "31": 26,
      "32": 1692,
      "33": 26,
      "34": 26,
      "35": 26,
      "36": 26,
      "37": 26,
      "38": 26,
      "39": 26,
      "40": 26,
      "41": 26,
      "42": 26,
      "43": 1692,
      "44": 1666,
      "45": 1666,
      "46": 1666,
      "47": 26
    },
    "f": {
      "0": 508,
      "1": 0,
      "2": 1202,
      "3": 26,
      "4": 26,
      "5": 1666,
      "6": 0,
      "7": 26,
      "8": 1692
    },
    "b": {
      "0": [
        18,
        490
      ],
      "1": [
        26,
        1176
      ],
      "2": [
        26,
        26
      ],
      "3": [
        26,
        1666
      ],
      "4": [
        1666,
        26
      ]
    }
  },
  "/home/marilia/Documentos/Master-OpenClassrooms/projet-05/Testez-une-application-full-stack/front/src/app/guards/auth.guard.ts": {
    "path": "/home/marilia/Documentos/Master-OpenClassrooms/projet-05/Testez-une-application-full-stack/front/src/app/guards/auth.guard.ts",
    "statementMap": {
      "0": {
        "start": {
          "line": 5,
          "column": 36
        },
        "end": {
          "line": 33,
          "column": 4
        }
      },
      "1": {
        "start": {
          "line": 8,
          "column": 6
        },
        "end": {
          "line": 8,
          "column": 27
        }
      },
      "2": {
        "start": {
          "line": 9,
          "column": 6
        },
        "end": {
          "line": 9,
          "column": 43
        }
      },
      "3": {
        "start": {
          "line": 13,
          "column": 6
        },
        "end": {
          "line": 16,
          "column": 7
        }
      },
      "4": {
        "start": {
          "line": 14,
          "column": 8
        },
        "end": {
          "line": 14,
          "column": 40
        }
      },
      "5": {
        "start": {
          "line": 15,
          "column": 8
        },
        "end": {
          "line": 15,
          "column": 21
        }
      },
      "6": {
        "start": {
          "line": 18,
          "column": 6
        },
        "end": {
          "line": 18,
          "column": 18
        }
      },
      "7": {
        "start": {
          "line": 23,
          "column": 2
        },
        "end": {
          "line": 25,
          "column": 4
        }
      },
      "8": {
        "start": {
          "line": 24,
          "column": 4
        },
        "end": {
          "line": 24,
          "column": 88
        }
      },
      "9": {
        "start": {
          "line": 27,
          "column": 2
        },
        "end": {
          "line": 31,
          "column": 5
        }
      },
      "10": {
        "start": {
          "line": 32,
          "column": 2
        },
        "end": {
          "line": 32,
          "column": 19
        }
      }
    },
    "fnMap": {
      "0": {
        "name": "(anonymous_0)",
        "decl": {
          "start": {
            "line": 5,
            "column": 37
          },
          "end": {
            "line": 5,
            "column": 38
          }
        },
        "loc": {
          "start": {
            "line": 5,
            "column": 43
          },
          "end": {
            "line": 33,
            "column": 1
          }
        },
        "line": 5
      },
      "1": {
        "name": "(anonymous_1)",
        "decl": {
          "start": {
            "line": 7,
            "column": 4
          },
          "end": {
            "line": 7,
            "column": 5
          }
        },
        "loc": {
          "start": {
            "line": 7,
            "column": 40
          },
          "end": {
            "line": 10,
            "column": 5
          }
        },
        "line": 7
      },
      "2": {
        "name": "(anonymous_2)",
        "decl": {
          "start": {
            "line": 12,
            "column": 4
          },
          "end": {
            "line": 12,
            "column": 5
          }
        },
        "loc": {
          "start": {
            "line": 12,
            "column": 18
          },
          "end": {
            "line": 19,
            "column": 5
          }
        },
        "line": 12
      },
      "3": {
        "name": "AuthGuard_Factory",
        "decl": {
          "start": {
            "line": 23,
            "column": 28
          },
          "end": {
            "line": 23,
            "column": 45
          }
        },
        "loc": {
          "start": {
            "line": 23,
            "column": 49
          },
          "end": {
            "line": 25,
            "column": 3
          }
        },
        "line": 23
      }
    },
    "branchMap": {
      "0": {
        "loc": {
          "start": {
            "line": 13,
            "column": 6
          },
          "end": {
            "line": 16,
            "column": 7
          }
        },
        "type": "if",
        "locations": [
          {
            "start": {
              "line": 13,
              "column": 6
            },
            "end": {
              "line": 16,
              "column": 7
            }
          },
          {
            "start": {
              "line": 13,
              "column": 6
            },
            "end": {
              "line": 16,
              "column": 7
            }
          }
        ],
        "line": 13
      },
      "1": {
        "loc": {
          "start": {
            "line": 24,
            "column": 16
          },
          "end": {
            "line": 24,
            "column": 30
          }
        },
        "type": "binary-expr",
        "locations": [
          {
            "start": {
              "line": 24,
              "column": 16
            },
            "end": {
              "line": 24,
              "column": 17
            }
          },
          {
            "start": {
              "line": 24,
              "column": 21
            },
            "end": {
              "line": 24,
              "column": 30
            }
          }
        ],
        "line": 24
      }
    },
    "s": {
      "0": 26,
      "1": 18,
      "2": 18,
      "3": 19,
      "4": 0,
      "5": 0,
      "6": 19,
      "7": 26,
      "8": 18,
      "9": 26,
      "10": 26
    },
    "f": {
      "0": 26,
      "1": 18,
      "2": 19,
      "3": 18
    },
    "b": {
      "0": [
        0,
        19
      ],
      "1": [
        18,
        18
      ]
    }
  },
  "/home/marilia/Documentos/Master-OpenClassrooms/projet-05/Testez-une-application-full-stack/front/src/app/guards/unauth.guard.ts": {
    "path": "/home/marilia/Documentos/Master-OpenClassrooms/projet-05/Testez-une-application-full-stack/front/src/app/guards/unauth.guard.ts",
    "statementMap": {
      "0": {
        "start": {
          "line": 5,
          "column": 38
        },
        "end": {
          "line": 33,
          "column": 4
        }
      },
      "1": {
        "start": {
          "line": 8,
          "column": 6
        },
        "end": {
          "line": 8,
          "column": 27
        }
      },
      "2": {
        "start": {
          "line": 9,
          "column": 6
        },
        "end": {
          "line": 9,
          "column": 43
        }
      },
      "3": {
        "start": {
          "line": 13,
          "column": 6
        },
        "end": {
          "line": 16,
          "column": 7
        }
      },
      "4": {
        "start": {
          "line": 14,
          "column": 8
        },
        "end": {
          "line": 14,
          "column": 42
        }
      },
      "5": {
        "start": {
          "line": 15,
          "column": 8
        },
        "end": {
          "line": 15,
          "column": 21
        }
      },
      "6": {
        "start": {
          "line": 18,
          "column": 6
        },
        "end": {
          "line": 18,
          "column": 18
        }
      },
      "7": {
        "start": {
          "line": 23,
          "column": 2
        },
        "end": {
          "line": 25,
          "column": 4
        }
      },
      "8": {
        "start": {
          "line": 24,
          "column": 4
        },
        "end": {
          "line": 24,
          "column": 90
        }
      },
      "9": {
        "start": {
          "line": 27,
          "column": 2
        },
        "end": {
          "line": 31,
          "column": 5
        }
      },
      "10": {
        "start": {
          "line": 32,
          "column": 2
        },
        "end": {
          "line": 32,
          "column": 21
        }
      }
    },
    "fnMap": {
      "0": {
        "name": "(anonymous_0)",
        "decl": {
          "start": {
            "line": 5,
            "column": 39
          },
          "end": {
            "line": 5,
            "column": 40
          }
        },
        "loc": {
          "start": {
            "line": 5,
            "column": 45
          },
          "end": {
            "line": 33,
            "column": 1
          }
        },
        "line": 5
      },
      "1": {
        "name": "(anonymous_1)",
        "decl": {
          "start": {
            "line": 7,
            "column": 4
          },
          "end": {
            "line": 7,
            "column": 5
          }
        },
        "loc": {
          "start": {
            "line": 7,
            "column": 40
          },
          "end": {
            "line": 10,
            "column": 5
          }
        },
        "line": 7
      },
      "2": {
        "name": "(anonymous_2)",
        "decl": {
          "start": {
            "line": 12,
            "column": 4
          },
          "end": {
            "line": 12,
            "column": 5
          }
        },
        "loc": {
          "start": {
            "line": 12,
            "column": 18
          },
          "end": {
            "line": 19,
            "column": 5
          }
        },
        "line": 12
      },
      "3": {
        "name": "UnauthGuard_Factory",
        "decl": {
          "start": {
            "line": 23,
            "column": 30
          },
          "end": {
            "line": 23,
            "column": 49
          }
        },
        "loc": {
          "start": {
            "line": 23,
            "column": 53
          },
          "end": {
            "line": 25,
            "column": 3
          }
        },
        "line": 23
      }
    },
    "branchMap": {
      "0": {
        "loc": {
          "start": {
            "line": 13,
            "column": 6
          },
          "end": {
            "line": 16,
            "column": 7
          }
        },
        "type": "if",
        "locations": [
          {
            "start": {
              "line": 13,
              "column": 6
            },
            "end": {
              "line": 16,
              "column": 7
            }
          },
          {
            "start": {
              "line": 13,
              "column": 6
            },
            "end": {
              "line": 16,
              "column": 7
            }
          }
        ],
        "line": 13
      },
      "1": {
        "loc": {
          "start": {
            "line": 24,
            "column": 16
          },
          "end": {
            "line": 24,
            "column": 32
          }
        },
        "type": "binary-expr",
        "locations": [
          {
            "start": {
              "line": 24,
              "column": 16
            },
            "end": {
              "line": 24,
              "column": 17
            }
          },
          {
            "start": {
              "line": 24,
              "column": 21
            },
            "end": {
              "line": 24,
              "column": 32
            }
          }
        ],
        "line": 24
      }
    },
    "s": {
      "0": 26,
      "1": 26,
      "2": 26,
      "3": 26,
      "4": 0,
      "5": 0,
      "6": 26,
      "7": 26,
      "8": 26,
      "9": 26,
      "10": 26
    },
    "f": {
      "0": 26,
      "1": 26,
      "2": 26,
      "3": 26
    },
    "b": {
      "0": [
        0,
        26
      ],
      "1": [
        26,
        26
      ]
    }
  },
  "/home/marilia/Documentos/Master-OpenClassrooms/projet-05/Testez-une-application-full-stack/front/src/app/interceptors/jwt.interceptor.ts": {
    "path": "/home/marilia/Documentos/Master-OpenClassrooms/projet-05/Testez-une-application-full-stack/front/src/app/interceptors/jwt.interceptor.ts",
    "statementMap": {
      "0": {
        "start": {
          "line": 4,
          "column": 41
        },
        "end": {
          "line": 34,
          "column": 4
        }
      },
      "1": {
        "start": {
          "line": 7,
          "column": 6
        },
        "end": {
          "line": 7,
          "column": 43
        }
      },
      "2": {
        "start": {
          "line": 11,
          "column": 6
        },
        "end": {
          "line": 17,
          "column": 7
        }
      },
      "3": {
        "start": {
          "line": 12,
          "column": 8
        },
        "end": {
          "line": 16,
          "column": 11
        }
      },
      "4": {
        "start": {
          "line": 19,
          "column": 6
        },
        "end": {
          "line": 19,
          "column": 34
        }
      },
      "5": {
        "start": {
          "line": 24,
          "column": 2
        },
        "end": {
          "line": 26,
          "column": 4
        }
      },
      "6": {
        "start": {
          "line": 25,
          "column": 4
        },
        "end": {
          "line": 25,
          "column": 69
        }
      },
      "7": {
        "start": {
          "line": 28,
          "column": 2
        },
        "end": {
          "line": 32,
          "column": 5
        }
      },
      "8": {
        "start": {
          "line": 33,
          "column": 2
        },
        "end": {
          "line": 33,
          "column": 24
        }
      }
    },
    "fnMap": {
      "0": {
        "name": "(anonymous_0)",
        "decl": {
          "start": {
            "line": 4,
            "column": 42
          },
          "end": {
            "line": 4,
            "column": 43
          }
        },
        "loc": {
          "start": {
            "line": 4,
            "column": 48
          },
          "end": {
            "line": 34,
            "column": 1
          }
        },
        "line": 4
      },
      "1": {
        "name": "(anonymous_1)",
        "decl": {
          "start": {
            "line": 6,
            "column": 4
          },
          "end": {
            "line": 6,
            "column": 5
          }
        },
        "loc": {
          "start": {
            "line": 6,
            "column": 32
          },
          "end": {
            "line": 8,
            "column": 5
          }
        },
        "line": 6
      },
      "2": {
        "name": "(anonymous_2)",
        "decl": {
          "start": {
            "line": 10,
            "column": 4
          },
          "end": {
            "line": 10,
            "column": 5
          }
        },
        "loc": {
          "start": {
            "line": 10,
            "column": 29
          },
          "end": {
            "line": 20,
            "column": 5
          }
        },
        "line": 10
      },
      "3": {
        "name": "JwtInterceptor_Factory",
        "decl": {
          "start": {
            "line": 24,
            "column": 33
          },
          "end": {
            "line": 24,
            "column": 55
          }
        },
        "loc": {
          "start": {
            "line": 24,
            "column": 59
          },
          "end": {
            "line": 26,
            "column": 3
          }
        },
        "line": 24
      }
    },
    "branchMap": {
      "0": {
        "loc": {
          "start": {
            "line": 11,
            "column": 6
          },
          "end": {
            "line": 17,
            "column": 7
          }
        },
        "type": "if",
        "locations": [
          {
            "start": {
              "line": 11,
              "column": 6
            },
            "end": {
              "line": 17,
              "column": 7
            }
          },
          {
            "start": {
              "line": 11,
              "column": 6
            },
            "end": {
              "line": 17,
              "column": 7
            }
          }
        ],
        "line": 11
      },
      "1": {
        "loc": {
          "start": {
            "line": 25,
            "column": 16
          },
          "end": {
            "line": 25,
            "column": 35
          }
        },
        "type": "binary-expr",
        "locations": [
          {
            "start": {
              "line": 25,
              "column": 16
            },
            "end": {
              "line": 25,
              "column": 17
            }
          },
          {
            "start": {
              "line": 25,
              "column": 21
            },
            "end": {
              "line": 25,
              "column": 35
            }
          }
        ],
        "line": 25
      }
    },
    "s": {
      "0": 26,
      "1": 22,
      "2": 68,
      "3": 46,
      "4": 68,
      "5": 26,
      "6": 22,
      "7": 26,
      "8": 26
    },
    "f": {
      "0": 26,
      "1": 22,
      "2": 68,
      "3": 22
    },
    "b": {
      "0": [
        46,
        22
      ],
      "1": [
        22,
        22
      ]
    }
  },
  "/home/marilia/Documentos/Master-OpenClassrooms/projet-05/Testez-une-application-full-stack/front/src/app/interfaces/sessionInformation.interface.ts": {
    "path": "/home/marilia/Documentos/Master-OpenClassrooms/projet-05/Testez-une-application-full-stack/front/src/app/interfaces/sessionInformation.interface.ts",
    "statementMap": {},
    "fnMap": {},
    "branchMap": {},
    "s": {},
    "f": {},
    "b": {}
  },
  "/home/marilia/Documentos/Master-OpenClassrooms/projet-05/Testez-une-application-full-stack/front/src/app/interfaces/teacher.interface.ts": {
    "path": "/home/marilia/Documentos/Master-OpenClassrooms/projet-05/Testez-une-application-full-stack/front/src/app/interfaces/teacher.interface.ts",
    "statementMap": {},
    "fnMap": {},
    "branchMap": {},
    "s": {},
    "f": {},
    "b": {}
  },
  "/home/marilia/Documentos/Master-OpenClassrooms/projet-05/Testez-une-application-full-stack/front/src/app/interfaces/user.interface.ts": {
    "path": "/home/marilia/Documentos/Master-OpenClassrooms/projet-05/Testez-une-application-full-stack/front/src/app/interfaces/user.interface.ts",
    "statementMap": {},
    "fnMap": {},
    "branchMap": {},
    "s": {},
    "f": {},
    "b": {}
  },
  "/home/marilia/Documentos/Master-OpenClassrooms/projet-05/Testez-une-application-full-stack/front/src/app/services/session.service.ts": {
    "path": "/home/marilia/Documentos/Master-OpenClassrooms/projet-05/Testez-une-application-full-stack/front/src/app/services/session.service.ts",
    "statementMap": {
      "0": {
        "start": {
          "line": 3,
          "column": 41
        },
        "end": {
          "line": 42,
          "column": 4
        }
      },
      "1": {
        "start": {
          "line": 6,
          "column": 6
        },
        "end": {
          "line": 6,
          "column": 28
        }
      },
      "2": {
        "start": {
          "line": 7,
          "column": 6
        },
        "end": {
          "line": 7,
          "column": 64
        }
      },
      "3": {
        "start": {
          "line": 11,
          "column": 6
        },
        "end": {
          "line": 11,
          "column": 49
        }
      },
      "4": {
        "start": {
          "line": 15,
          "column": 6
        },
        "end": {
          "line": 15,
          "column": 37
        }
      },
      "5": {
        "start": {
          "line": 16,
          "column": 6
        },
        "end": {
          "line": 16,
          "column": 27
        }
      },
      "6": {
        "start": {
          "line": 17,
          "column": 6
        },
        "end": {
          "line": 17,
          "column": 18
        }
      },
      "7": {
        "start": {
          "line": 21,
          "column": 6
        },
        "end": {
          "line": 21,
          "column": 42
        }
      },
      "8": {
        "start": {
          "line": 22,
          "column": 6
        },
        "end": {
          "line": 22,
          "column": 28
        }
      },
      "9": {
        "start": {
          "line": 23,
          "column": 6
        },
        "end": {
          "line": 23,
          "column": 18
        }
      },
      "10": {
        "start": {
          "line": 27,
          "column": 6
        },
        "end": {
          "line": 27,
          "column": 47
        }
      },
      "11": {
        "start": {
          "line": 32,
          "column": 2
        },
        "end": {
          "line": 34,
          "column": 4
        }
      },
      "12": {
        "start": {
          "line": 33,
          "column": 4
        },
        "end": {
          "line": 33,
          "column": 39
        }
      },
      "13": {
        "start": {
          "line": 36,
          "column": 2
        },
        "end": {
          "line": 40,
          "column": 5
        }
      },
      "14": {
        "start": {
          "line": 41,
          "column": 2
        },
        "end": {
          "line": 41,
          "column": 24
        }
      }
    },
    "fnMap": {
      "0": {
        "name": "(anonymous_0)",
        "decl": {
          "start": {
            "line": 3,
            "column": 42
          },
          "end": {
            "line": 3,
            "column": 43
          }
        },
        "loc": {
          "start": {
            "line": 3,
            "column": 48
          },
          "end": {
            "line": 42,
            "column": 1
          }
        },
        "line": 3
      },
      "1": {
        "name": "(anonymous_1)",
        "decl": {
          "start": {
            "line": 5,
            "column": 4
          },
          "end": {
            "line": 5,
            "column": 5
          }
        },
        "loc": {
          "start": {
            "line": 5,
            "column": 18
          },
          "end": {
            "line": 8,
            "column": 5
          }
        },
        "line": 5
      },
      "2": {
        "name": "(anonymous_2)",
        "decl": {
          "start": {
            "line": 10,
            "column": 4
          },
          "end": {
            "line": 10,
            "column": 5
          }
        },
        "loc": {
          "start": {
            "line": 10,
            "column": 16
          },
          "end": {
            "line": 12,
            "column": 5
          }
        },
        "line": 10
      },
      "3": {
        "name": "(anonymous_3)",
        "decl": {
          "start": {
            "line": 14,
            "column": 4
          },
          "end": {
            "line": 14,
            "column": 5
          }
        },
        "loc": {
          "start": {
            "line": 14,
            "column": 16
          },
          "end": {
            "line": 18,
            "column": 5
          }
        },
        "line": 14
      },
      "4": {
        "name": "(anonymous_4)",
        "decl": {
          "start": {
            "line": 20,
            "column": 4
          },
          "end": {
            "line": 20,
            "column": 5
          }
        },
        "loc": {
          "start": {
            "line": 20,
            "column": 13
          },
          "end": {
            "line": 24,
            "column": 5
          }
        },
        "line": 20
      },
      "5": {
        "name": "(anonymous_5)",
        "decl": {
          "start": {
            "line": 26,
            "column": 4
          },
          "end": {
            "line": 26,
            "column": 5
          }
        },
        "loc": {
          "start": {
            "line": 26,
            "column": 11
          },
          "end": {
            "line": 28,
            "column": 5
          }
        },
        "line": 26
      },
      "6": {
        "name": "SessionService_Factory",
        "decl": {
          "start": {
            "line": 32,
            "column": 33
          },
          "end": {
            "line": 32,
            "column": 55
          }
        },
        "loc": {
          "start": {
            "line": 32,
            "column": 59
          },
          "end": {
            "line": 34,
            "column": 3
          }
        },
        "line": 32
      }
    },
    "branchMap": {
      "0": {
        "loc": {
          "start": {
            "line": 33,
            "column": 16
          },
          "end": {
            "line": 33,
            "column": 35
          }
        },
        "type": "binary-expr",
        "locations": [
          {
            "start": {
              "line": 33,
              "column": 16
            },
            "end": {
              "line": 33,
              "column": 17
            }
          },
          {
            "start": {
              "line": 33,
              "column": 21
            },
            "end": {
              "line": 33,
              "column": 35
            }
          }
        ],
        "line": 33
      }
    },
    "s": {
      "0": 26,
      "1": 26,
      "2": 26,
      "3": 1666,
      "4": 18,
      "5": 18,
      "6": 18,
      "7": 0,
      "8": 0,
      "9": 0,
      "10": 18,
      "11": 26,
      "12": 26,
      "13": 26,
      "14": 26
    },
    "f": {
      "0": 26,
      "1": 26,
      "2": 1666,
      "3": 18,
      "4": 0,
      "5": 18,
      "6": 26
    },
    "b": {
      "0": [
        26,
        26
      ]
    }
  },
  "/home/marilia/Documentos/Master-OpenClassrooms/projet-05/Testez-une-application-full-stack/front/src/app/services/teacher.service.ts": {
    "path": "/home/marilia/Documentos/Master-OpenClassrooms/projet-05/Testez-une-application-full-stack/front/src/app/services/teacher.service.ts",
    "statementMap": {
      "0": {
        "start": {
          "line": 3,
          "column": 41
        },
        "end": {
          "line": 30,
          "column": 4
        }
      },
      "1": {
        "start": {
          "line": 6,
          "column": 6
        },
        "end": {
          "line": 6,
          "column": 35
        }
      },
      "2": {
        "start": {
          "line": 7,
          "column": 6
        },
        "end": {
          "line": 7,
          "column": 39
        }
      },
      "3": {
        "start": {
          "line": 11,
          "column": 6
        },
        "end": {
          "line": 11,
          "column": 51
        }
      },
      "4": {
        "start": {
          "line": 15,
          "column": 6
        },
        "end": {
          "line": 15,
          "column": 62
        }
      },
      "5": {
        "start": {
          "line": 20,
          "column": 2
        },
        "end": {
          "line": 22,
          "column": 4
        }
      },
      "6": {
        "start": {
          "line": 21,
          "column": 4
        },
        "end": {
          "line": 21,
          "column": 65
        }
      },
      "7": {
        "start": {
          "line": 24,
          "column": 2
        },
        "end": {
          "line": 28,
          "column": 5
        }
      },
      "8": {
        "start": {
          "line": 29,
          "column": 2
        },
        "end": {
          "line": 29,
          "column": 24
        }
      }
    },
    "fnMap": {
      "0": {
        "name": "(anonymous_0)",
        "decl": {
          "start": {
            "line": 3,
            "column": 42
          },
          "end": {
            "line": 3,
            "column": 43
          }
        },
        "loc": {
          "start": {
            "line": 3,
            "column": 48
          },
          "end": {
            "line": 30,
            "column": 1
          }
        },
        "line": 3
      },
      "1": {
        "name": "(anonymous_1)",
        "decl": {
          "start": {
            "line": 5,
            "column": 4
          },
          "end": {
            "line": 5,
            "column": 5
          }
        },
        "loc": {
          "start": {
            "line": 5,
            "column": 28
          },
          "end": {
            "line": 8,
            "column": 5
          }
        },
        "line": 5
      },
      "2": {
        "name": "(anonymous_2)",
        "decl": {
          "start": {
            "line": 10,
            "column": 4
          },
          "end": {
            "line": 10,
            "column": 5
          }
        },
        "loc": {
          "start": {
            "line": 10,
            "column": 10
          },
          "end": {
            "line": 12,
            "column": 5
          }
        },
        "line": 10
      },
      "3": {
        "name": "(anonymous_3)",
        "decl": {
          "start": {
            "line": 14,
            "column": 4
          },
          "end": {
            "line": 14,
            "column": 5
          }
        },
        "loc": {
          "start": {
            "line": 14,
            "column": 15
          },
          "end": {
            "line": 16,
            "column": 5
          }
        },
        "line": 14
      },
      "4": {
        "name": "TeacherService_Factory",
        "decl": {
          "start": {
            "line": 20,
            "column": 33
          },
          "end": {
            "line": 20,
            "column": 55
          }
        },
        "loc": {
          "start": {
            "line": 20,
            "column": 59
          },
          "end": {
            "line": 22,
            "column": 3
          }
        },
        "line": 20
      }
    },
    "branchMap": {
      "0": {
        "loc": {
          "start": {
            "line": 21,
            "column": 16
          },
          "end": {
            "line": 21,
            "column": 35
          }
        },
        "type": "binary-expr",
        "locations": [
          {
            "start": {
              "line": 21,
              "column": 16
            },
            "end": {
              "line": 21,
              "column": 17
            }
          },
          {
            "start": {
              "line": 21,
              "column": 21
            },
            "end": {
              "line": 21,
              "column": 35
            }
          }
        ],
        "line": 21
      }
    },
    "s": {
      "0": 18,
      "1": 10,
      "2": 10,
      "3": 5,
      "4": 3,
      "5": 18,
      "6": 10,
      "7": 18,
      "8": 18
    },
    "f": {
      "0": 18,
      "1": 10,
      "2": 5,
      "3": 3,
      "4": 10
    },
    "b": {
      "0": [
        10,
        10
      ]
    }
  },
  "/home/marilia/Documentos/Master-OpenClassrooms/projet-05/Testez-une-application-full-stack/front/src/app/services/user.service.ts": {
    "path": "/home/marilia/Documentos/Master-OpenClassrooms/projet-05/Testez-une-application-full-stack/front/src/app/services/user.service.ts",
    "statementMap": {
      "0": {
        "start": {
          "line": 3,
          "column": 38
        },
        "end": {
          "line": 30,
          "column": 4
        }
      },
      "1": {
        "start": {
          "line": 6,
          "column": 6
        },
        "end": {
          "line": 6,
          "column": 35
        }
      },
      "2": {
        "start": {
          "line": 7,
          "column": 6
        },
        "end": {
          "line": 7,
          "column": 36
        }
      },
      "3": {
        "start": {
          "line": 11,
          "column": 6
        },
        "end": {
          "line": 11,
          "column": 62
        }
      },
      "4": {
        "start": {
          "line": 15,
          "column": 6
        },
        "end": {
          "line": 15,
          "column": 65
        }
      },
      "5": {
        "start": {
          "line": 20,
          "column": 2
        },
        "end": {
          "line": 22,
          "column": 4
        }
      },
      "6": {
        "start": {
          "line": 21,
          "column": 4
        },
        "end": {
          "line": 21,
          "column": 62
        }
      },
      "7": {
        "start": {
          "line": 24,
          "column": 2
        },
        "end": {
          "line": 28,
          "column": 5
        }
      },
      "8": {
        "start": {
          "line": 29,
          "column": 2
        },
        "end": {
          "line": 29,
          "column": 21
        }
      }
    },
    "fnMap": {
      "0": {
        "name": "(anonymous_0)",
        "decl": {
          "start": {
            "line": 3,
            "column": 39
          },
          "end": {
            "line": 3,
            "column": 40
          }
        },
        "loc": {
          "start": {
            "line": 3,
            "column": 45
          },
          "end": {
            "line": 30,
            "column": 1
          }
        },
        "line": 3
      },
      "1": {
        "name": "(anonymous_1)",
        "decl": {
          "start": {
            "line": 5,
            "column": 4
          },
          "end": {
            "line": 5,
            "column": 5
          }
        },
        "loc": {
          "start": {
            "line": 5,
            "column": 28
          },
          "end": {
            "line": 8,
            "column": 5
          }
        },
        "line": 5
      },
      "2": {
        "name": "(anonymous_2)",
        "decl": {
          "start": {
            "line": 10,
            "column": 4
          },
          "end": {
            "line": 10,
            "column": 5
          }
        },
        "loc": {
          "start": {
            "line": 10,
            "column": 16
          },
          "end": {
            "line": 12,
            "column": 5
          }
        },
        "line": 10
      },
      "3": {
        "name": "(anonymous_3)",
        "decl": {
          "start": {
            "line": 14,
            "column": 4
          },
          "end": {
            "line": 14,
            "column": 5
          }
        },
        "loc": {
          "start": {
            "line": 14,
            "column": 15
          },
          "end": {
            "line": 16,
            "column": 5
          }
        },
        "line": 14
      },
      "4": {
        "name": "UserService_Factory",
        "decl": {
          "start": {
            "line": 20,
            "column": 30
          },
          "end": {
            "line": 20,
            "column": 49
          }
        },
        "loc": {
          "start": {
            "line": 20,
            "column": 53
          },
          "end": {
            "line": 22,
            "column": 3
          }
        },
        "line": 20
      }
    },
    "branchMap": {
      "0": {
        "loc": {
          "start": {
            "line": 21,
            "column": 16
          },
          "end": {
            "line": 21,
            "column": 32
          }
        },
        "type": "binary-expr",
        "locations": [
          {
            "start": {
              "line": 21,
              "column": 16
            },
            "end": {
              "line": 21,
              "column": 17
            }
          },
          {
            "start": {
              "line": 21,
              "column": 21
            },
            "end": {
              "line": 21,
              "column": 32
            }
          }
        ],
        "line": 21
      }
    },
    "s": {
      "0": 26,
      "1": 1,
      "2": 1,
      "3": 1,
      "4": 0,
      "5": 26,
      "6": 1,
      "7": 26,
      "8": 26
    },
    "f": {
      "0": 26,
      "1": 1,
      "2": 1,
      "3": 0,
      "4": 1
    },
    "b": {
      "0": [
        1,
        1
      ]
    }
  },
  "/home/marilia/Documentos/Master-OpenClassrooms/projet-05/Testez-une-application-full-stack/front/src/app/components/me/me.component.ts": {
    "path": "/home/marilia/Documentos/Master-OpenClassrooms/projet-05/Testez-une-application-full-stack/front/src/app/components/me/me.component.ts",
    "statementMap": {
      "0": {
        "start": {
          "line": 13,
          "column": 2
        },
        "end": {
          "line": 17,
          "column": 3
        }
      },
      "1": {
        "start": {
          "line": 14,
          "column": 4
        },
        "end": {
          "line": 14,
          "column": 33
        }
      },
      "2": {
        "start": {
          "line": 15,
          "column": 4
        },
        "end": {
          "line": 15,
          "column": 34
        }
      },
      "3": {
        "start": {
          "line": 16,
          "column": 4
        },
        "end": {
          "line": 16,
          "column": 22
        }
      },
      "4": {
        "start": {
          "line": 21,
          "column": 2
        },
        "end": {
          "line": 39,
          "column": 3
        }
      },
      "5": {
        "start": {
          "line": 22,
          "column": 16
        },
        "end": {
          "line": 22,
          "column": 37
        }
      },
      "6": {
        "start": {
          "line": 24,
          "column": 4
        },
        "end": {
          "line": 24,
          "column": 43
        }
      },
      "7": {
        "start": {
          "line": 25,
          "column": 4
        },
        "end": {
          "line": 25,
          "column": 39
        }
      },
      "8": {
        "start": {
          "line": 26,
          "column": 4
        },
        "end": {
          "line": 26,
          "column": 22
        }
      },
      "9": {
        "start": {
          "line": 27,
          "column": 4
        },
        "end": {
          "line": 27,
          "column": 39
        }
      },
      "10": {
        "start": {
          "line": 28,
          "column": 4
        },
        "end": {
          "line": 32,
          "column": 7
        }
      },
      "11": {
        "start": {
          "line": 29,
          "column": 6
        },
        "end": {
          "line": 29,
          "column": 28
        }
      },
      "12": {
        "start": {
          "line": 30,
          "column": 21
        },
        "end": {
          "line": 30,
          "column": 40
        }
      },
      "13": {
        "start": {
          "line": 31,
          "column": 6
        },
        "end": {
          "line": 31,
          "column": 45
        }
      },
      "14": {
        "start": {
          "line": 33,
          "column": 4
        },
        "end": {
          "line": 33,
          "column": 37
        }
      },
      "15": {
        "start": {
          "line": 34,
          "column": 4
        },
        "end": {
          "line": 34,
          "column": 27
        }
      },
      "16": {
        "start": {
          "line": 35,
          "column": 4
        },
        "end": {
          "line": 35,
          "column": 22
        }
      },
      "17": {
        "start": {
          "line": 36,
          "column": 4
        },
        "end": {
          "line": 36,
          "column": 37
        }
      },
      "18": {
        "start": {
          "line": 37,
          "column": 4
        },
        "end": {
          "line": 37,
          "column": 27
        }
      },
      "19": {
        "start": {
          "line": 38,
          "column": 4
        },
        "end": {
          "line": 38,
          "column": 26
        }
      },
      "20": {
        "start": {
          "line": 43,
          "column": 2
        },
        "end": {
          "line": 65,
          "column": 3
        }
      },
      "21": {
        "start": {
          "line": 44,
          "column": 4
        },
        "end": {
          "line": 44,
          "column": 43
        }
      },
      "22": {
        "start": {
          "line": 45,
          "column": 4
        },
        "end": {
          "line": 45,
          "column": 17
        }
      },
      "23": {
        "start": {
          "line": 46,
          "column": 4
        },
        "end": {
          "line": 46,
          "column": 30
        }
      },
      "24": {
        "start": {
          "line": 47,
          "column": 4
        },
        "end": {
          "line": 47,
          "column": 22
        }
      },
      "25": {
        "start": {
          "line": 48,
          "column": 4
        },
        "end": {
          "line": 48,
          "column": 30
        }
      },
      "26": {
        "start": {
          "line": 49,
          "column": 4
        },
        "end": {
          "line": 49,
          "column": 17
        }
      },
      "27": {
        "start": {
          "line": 50,
          "column": 4
        },
        "end": {
          "line": 50,
          "column": 22
        }
      },
      "28": {
        "start": {
          "line": 51,
          "column": 4
        },
        "end": {
          "line": 51,
          "column": 68
        }
      },
      "29": {
        "start": {
          "line": 52,
          "column": 4
        },
        "end": {
          "line": 52,
          "column": 72
        }
      },
      "30": {
        "start": {
          "line": 53,
          "column": 4
        },
        "end": {
          "line": 53,
          "column": 52
        }
      },
      "31": {
        "start": {
          "line": 54,
          "column": 4
        },
        "end": {
          "line": 54,
          "column": 33
        }
      },
      "32": {
        "start": {
          "line": 55,
          "column": 4
        },
        "end": {
          "line": 55,
          "column": 22
        }
      },
      "33": {
        "start": {
          "line": 56,
          "column": 4
        },
        "end": {
          "line": 56,
          "column": 18
        }
      },
      "34": {
        "start": {
          "line": 57,
          "column": 4
        },
        "end": {
          "line": 57,
          "column": 26
        }
      },
      "35": {
        "start": {
          "line": 58,
          "column": 4
        },
        "end": {
          "line": 58,
          "column": 22
        }
      },
      "36": {
        "start": {
          "line": 59,
          "column": 4
        },
        "end": {
          "line": 59,
          "column": 40
        }
      },
      "37": {
        "start": {
          "line": 60,
          "column": 4
        },
        "end": {
          "line": 60,
          "column": 35
        }
      },
      "38": {
        "start": {
          "line": 61,
          "column": 4
        },
        "end": {
          "line": 61,
          "column": 22
        }
      },
      "39": {
        "start": {
          "line": 62,
          "column": 4
        },
        "end": {
          "line": 62,
          "column": 18
        }
      },
      "40": {
        "start": {
          "line": 63,
          "column": 4
        },
        "end": {
          "line": 63,
          "column": 26
        }
      },
      "41": {
        "start": {
          "line": 64,
          "column": 4
        },
        "end": {
          "line": 64,
          "column": 26
        }
      },
      "42": {
        "start": {
          "line": 67,
          "column": 2
        },
        "end": {
          "line": 81,
          "column": 3
        }
      },
      "43": {
        "start": {
          "line": 68,
          "column": 19
        },
        "end": {
          "line": 68,
          "column": 37
        }
      },
      "44": {
        "start": {
          "line": 69,
          "column": 4
        },
        "end": {
          "line": 69,
          "column": 20
        }
      },
      "45": {
        "start": {
          "line": 70,
          "column": 4
        },
        "end": {
          "line": 70,
          "column": 112
        }
      },
      "46": {
        "start": {
          "line": 71,
          "column": 4
        },
        "end": {
          "line": 71,
          "column": 20
        }
      },
      "47": {
        "start": {
          "line": 72,
          "column": 4
        },
        "end": {
          "line": 72,
          "column": 60
        }
      },
      "48": {
        "start": {
          "line": 73,
          "column": 4
        },
        "end": {
          "line": 73,
          "column": 20
        }
      },
      "49": {
        "start": {
          "line": 74,
          "column": 4
        },
        "end": {
          "line": 74,
          "column": 45
        }
      },
      "50": {
        "start": {
          "line": 75,
          "column": 4
        },
        "end": {
          "line": 75,
          "column": 20
        }
      },
      "51": {
        "start": {
          "line": 76,
          "column": 4
        },
        "end": {
          "line": 76,
          "column": 46
        }
      },
      "52": {
        "start": {
          "line": 77,
          "column": 4
        },
        "end": {
          "line": 77,
          "column": 20
        }
      },
      "53": {
        "start": {
          "line": 78,
          "column": 4
        },
        "end": {
          "line": 78,
          "column": 93
        }
      },
      "54": {
        "start": {
          "line": 79,
          "column": 4
        },
        "end": {
          "line": 79,
          "column": 20
        }
      },
      "55": {
        "start": {
          "line": 80,
          "column": 4
        },
        "end": {
          "line": 80,
          "column": 94
        }
      },
      "56": {
        "start": {
          "line": 84,
          "column": 38
        },
        "end": {
          "line": 148,
          "column": 4
        }
      },
      "57": {
        "start": {
          "line": 87,
          "column": 6
        },
        "end": {
          "line": 87,
          "column": 27
        }
      },
      "58": {
        "start": {
          "line": 88,
          "column": 6
        },
        "end": {
          "line": 88,
          "column": 43
        }
      },
      "59": {
        "start": {
          "line": 89,
          "column": 6
        },
        "end": {
          "line": 89,
          "column": 37
        }
      },
      "60": {
        "start": {
          "line": 90,
          "column": 6
        },
        "end": {
          "line": 90,
          "column": 37
        }
      },
      "61": {
        "start": {
          "line": 94,
          "column": 6
        },
        "end": {
          "line": 94,
          "column": 121
        }
      },
      "62": {
        "start": {
          "line": 94,
          "column": 103
        },
        "end": {
          "line": 94,
          "column": 119
        }
      },
      "63": {
        "start": {
          "line": 98,
          "column": 6
        },
        "end": {
          "line": 98,
          "column": 28
        }
      },
      "64": {
        "start": {
          "line": 102,
          "column": 6
        },
        "end": {
          "line": 108,
          "column": 9
        }
      },
      "65": {
        "start": {
          "line": 103,
          "column": 8
        },
        "end": {
          "line": 105,
          "column": 11
        }
      },
      "66": {
        "start": {
          "line": 106,
          "column": 8
        },
        "end": {
          "line": 106,
          "column": 37
        }
      },
      "67": {
        "start": {
          "line": 107,
          "column": 8
        },
        "end": {
          "line": 107,
          "column": 36
        }
      },
      "68": {
        "start": {
          "line": 113,
          "column": 2
        },
        "end": {
          "line": 115,
          "column": 4
        }
      },
      "69": {
        "start": {
          "line": 114,
          "column": 4
        },
        "end": {
          "line": 114,
          "column": 184
        }
      },
      "70": {
        "start": {
          "line": 117,
          "column": 2
        },
        "end": {
          "line": 146,
          "column": 5
        }
      },
      "71": {
        "start": {
          "line": 124,
          "column": 6
        },
        "end": {
          "line": 138,
          "column": 7
        }
      },
      "72": {
        "start": {
          "line": 125,
          "column": 8
        },
        "end": {
          "line": 125,
          "column": 104
        }
      },
      "73": {
        "start": {
          "line": 126,
          "column": 8
        },
        "end": {
          "line": 128,
          "column": 11
        }
      },
      "74": {
        "start": {
          "line": 127,
          "column": 10
        },
        "end": {
          "line": 127,
          "column": 28
        }
      },
      "75": {
        "start": {
          "line": 129,
          "column": 8
        },
        "end": {
          "line": 129,
          "column": 41
        }
      },
      "76": {
        "start": {
          "line": 130,
          "column": 8
        },
        "end": {
          "line": 130,
          "column": 35
        }
      },
      "77": {
        "start": {
          "line": 131,
          "column": 8
        },
        "end": {
          "line": 131,
          "column": 28
        }
      },
      "78": {
        "start": {
          "line": 132,
          "column": 8
        },
        "end": {
          "line": 132,
          "column": 35
        }
      },
      "79": {
        "start": {
          "line": 133,
          "column": 8
        },
        "end": {
          "line": 133,
          "column": 41
        }
      },
      "80": {
        "start": {
          "line": 134,
          "column": 8
        },
        "end": {
          "line": 134,
          "column": 30
        }
      },
      "81": {
        "start": {
          "line": 135,
          "column": 8
        },
        "end": {
          "line": 135,
          "column": 49
        }
      },
      "82": {
        "start": {
          "line": 136,
          "column": 8
        },
        "end": {
          "line": 136,
          "column": 73
        }
      },
      "83": {
        "start": {
          "line": 137,
          "column": 8
        },
        "end": {
          "line": 137,
          "column": 30
        }
      },
      "84": {
        "start": {
          "line": 140,
          "column": 6
        },
        "end": {
          "line": 143,
          "column": 7
        }
      },
      "85": {
        "start": {
          "line": 141,
          "column": 8
        },
        "end": {
          "line": 141,
          "column": 25
        }
      },
      "86": {
        "start": {
          "line": 142,
          "column": 8
        },
        "end": {
          "line": 142,
          "column": 40
        }
      },
      "87": {
        "start": {
          "line": 147,
          "column": 2
        },
        "end": {
          "line": 147,
          "column": 21
        }
      }
    },
    "fnMap": {
      "0": {
        "name": "MeComponent_div_10_p_6_Template",
        "decl": {
          "start": {
            "line": 12,
            "column": 9
          },
          "end": {
            "line": 12,
            "column": 40
          }
        },
        "loc": {
          "start": {
            "line": 12,
            "column": 50
          },
          "end": {
            "line": 18,
            "column": 1
          }
        },
        "line": 12
      },
      "1": {
        "name": "MeComponent_div_10_div_7_Template",
        "decl": {
          "start": {
            "line": 20,
            "column": 9
          },
          "end": {
            "line": 20,
            "column": 42
          }
        },
        "loc": {
          "start": {
            "line": 20,
            "column": 52
          },
          "end": {
            "line": 40,
            "column": 1
          }
        },
        "line": 20
      },
      "2": {
        "name": "MeComponent_div_10_div_7_Template_button_click_3_listener",
        "decl": {
          "start": {
            "line": 28,
            "column": 36
          },
          "end": {
            "line": 28,
            "column": 93
          }
        },
        "loc": {
          "start": {
            "line": 28,
            "column": 96
          },
          "end": {
            "line": 32,
            "column": 5
          }
        },
        "line": 28
      },
      "3": {
        "name": "MeComponent_div_10_Template",
        "decl": {
          "start": {
            "line": 42,
            "column": 9
          },
          "end": {
            "line": 42,
            "column": 36
          }
        },
        "loc": {
          "start": {
            "line": 42,
            "column": 46
          },
          "end": {
            "line": 82,
            "column": 1
          }
        },
        "line": 42
      },
      "4": {
        "name": "(anonymous_4)",
        "decl": {
          "start": {
            "line": 84,
            "column": 39
          },
          "end": {
            "line": 84,
            "column": 40
          }
        },
        "loc": {
          "start": {
            "line": 84,
            "column": 45
          },
          "end": {
            "line": 148,
            "column": 1
          }
        },
        "line": 84
      },
      "5": {
        "name": "(anonymous_5)",
        "decl": {
          "start": {
            "line": 86,
            "column": 4
          },
          "end": {
            "line": 86,
            "column": 5
          }
        },
        "loc": {
          "start": {
            "line": 86,
            "column": 66
          },
          "end": {
            "line": 91,
            "column": 5
          }
        },
        "line": 86
      },
      "6": {
        "name": "(anonymous_6)",
        "decl": {
          "start": {
            "line": 93,
            "column": 4
          },
          "end": {
            "line": 93,
            "column": 5
          }
        },
        "loc": {
          "start": {
            "line": 93,
            "column": 15
          },
          "end": {
            "line": 95,
            "column": 5
          }
        },
        "line": 93
      },
      "7": {
        "name": "(anonymous_7)",
        "decl": {
          "start": {
            "line": 94,
            "column": 95
          },
          "end": {
            "line": 94,
            "column": 96
          }
        },
        "loc": {
          "start": {
            "line": 94,
            "column": 103
          },
          "end": {
            "line": 94,
            "column": 119
          }
        },
        "line": 94
      },
      "8": {
        "name": "(anonymous_8)",
        "decl": {
          "start": {
            "line": 97,
            "column": 4
          },
          "end": {
            "line": 97,
            "column": 5
          }
        },
        "loc": {
          "start": {
            "line": 97,
            "column": 11
          },
          "end": {
            "line": 99,
            "column": 5
          }
        },
        "line": 97
      },
      "9": {
        "name": "(anonymous_9)",
        "decl": {
          "start": {
            "line": 101,
            "column": 4
          },
          "end": {
            "line": 101,
            "column": 5
          }
        },
        "loc": {
          "start": {
            "line": 101,
            "column": 13
          },
          "end": {
            "line": 109,
            "column": 5
          }
        },
        "line": 101
      },
      "10": {
        "name": "(anonymous_10)",
        "decl": {
          "start": {
            "line": 102,
            "column": 94
          },
          "end": {
            "line": 102,
            "column": 95
          }
        },
        "loc": {
          "start": {
            "line": 102,
            "column": 99
          },
          "end": {
            "line": 108,
            "column": 7
          }
        },
        "line": 102
      },
      "11": {
        "name": "MeComponent_Factory",
        "decl": {
          "start": {
            "line": 113,
            "column": 30
          },
          "end": {
            "line": 113,
            "column": 49
          }
        },
        "loc": {
          "start": {
            "line": 113,
            "column": 53
          },
          "end": {
            "line": 115,
            "column": 3
          }
        },
        "line": 113
      },
      "12": {
        "name": "MeComponent_Template",
        "decl": {
          "start": {
            "line": 123,
            "column": 23
          },
          "end": {
            "line": 123,
            "column": 43
          }
        },
        "loc": {
          "start": {
            "line": 123,
            "column": 53
          },
          "end": {
            "line": 144,
            "column": 5
          }
        },
        "line": 123
      },
      "13": {
        "name": "MeComponent_Template_button_click_4_listener",
        "decl": {
          "start": {
            "line": 126,
            "column": 40
          },
          "end": {
            "line": 126,
            "column": 84
          }
        },
        "loc": {
          "start": {
            "line": 126,
            "column": 87
          },
          "end": {
            "line": 128,
            "column": 9
          }
        },
        "line": 126
      }
    },
    "branchMap": {
      "0": {
        "loc": {
          "start": {
            "line": 13,
            "column": 2
          },
          "end": {
            "line": 17,
            "column": 3
          }
        },
        "type": "if",
        "locations": [
          {
            "start": {
              "line": 13,
              "column": 2
            },
            "end": {
              "line": 17,
              "column": 3
            }
          },
          {
            "start": {
              "line": 13,
              "column": 2
            },
            "end": {
              "line": 17,
              "column": 3
            }
          }
        ],
        "line": 13
      },
      "1": {
        "loc": {
          "start": {
            "line": 21,
            "column": 2
          },
          "end": {
            "line": 39,
            "column": 3
          }
        },
        "type": "if",
        "locations": [
          {
            "start": {
              "line": 21,
              "column": 2
            },
            "end": {
              "line": 39,
              "column": 3
            }
          },
          {
            "start": {
              "line": 21,
              "column": 2
            },
            "end": {
              "line": 39,
              "column": 3
            }
          }
        ],
        "line": 21
      },
      "2": {
        "loc": {
          "start": {
            "line": 43,
            "column": 2
          },
          "end": {
            "line": 65,
            "column": 3
          }
        },
        "type": "if",
        "locations": [
          {
            "start": {
              "line": 43,
              "column": 2
            },
            "end": {
              "line": 65,
              "column": 3
            }
          },
          {
            "start": {
              "line": 43,
              "column": 2
            },
            "end": {
              "line": 65,
              "column": 3
            }
          }
        ],
        "line": 43
      },
      "3": {
        "loc": {
          "start": {
            "line": 67,
            "column": 2
          },
          "end": {
            "line": 81,
            "column": 3
          }
        },
        "type": "if",
        "locations": [
          {
            "start": {
              "line": 67,
              "column": 2
            },
            "end": {
              "line": 81,
              "column": 3
            }
          },
          {
            "start": {
              "line": 67,
              "column": 2
            },
            "end": {
              "line": 81,
              "column": 3
            }
          }
        ],
        "line": 67
      },
      "4": {
        "loc": {
          "start": {
            "line": 114,
            "column": 16
          },
          "end": {
            "line": 114,
            "column": 32
          }
        },
        "type": "binary-expr",
        "locations": [
          {
            "start": {
              "line": 114,
              "column": 16
            },
            "end": {
              "line": 114,
              "column": 17
            }
          },
          {
            "start": {
              "line": 114,
              "column": 21
            },
            "end": {
              "line": 114,
              "column": 32
            }
          }
        ],
        "line": 114
      },
      "5": {
        "loc": {
          "start": {
            "line": 124,
            "column": 6
          },
          "end": {
            "line": 138,
            "column": 7
          }
        },
        "type": "if",
        "locations": [
          {
            "start": {
              "line": 124,
              "column": 6
            },
            "end": {
              "line": 138,
              "column": 7
            }
          },
          {
            "start": {
              "line": 124,
              "column": 6
            },
            "end": {
              "line": 138,
              "column": 7
            }
          }
        ],
        "line": 124
      },
      "6": {
        "loc": {
          "start": {
            "line": 140,
            "column": 6
          },
          "end": {
            "line": 143,
            "column": 7
          }
        },
        "type": "if",
        "locations": [
          {
            "start": {
              "line": 140,
              "column": 6
            },
            "end": {
              "line": 143,
              "column": 7
            }
          },
          {
            "start": {
              "line": 140,
              "column": 6
            },
            "end": {
              "line": 143,
              "column": 7
            }
          }
        ],
        "line": 140
      }
    },
    "s": {
      "0": 0,
      "1": 0,
      "2": 0,
      "3": 0,
      "4": 3,
      "5": 1,
      "6": 1,
      "7": 1,
      "8": 1,
      "9": 1,
      "10": 1,
      "11": 0,
      "12": 0,
      "13": 0,
      "14": 1,
      "15": 1,
      "16": 1,
      "17": 1,
      "18": 1,
      "19": 1,
      "20": 3,
      "21": 1,
      "22": 1,
      "23": 1,
[...]
          },
          {
            "start": {
              "line": 19,
              "column": 21
            },
            "end": {
              "line": 19,
              "column": 38
            }
          }
        ],
        "line": 19
      }
    },
    "s": {
      "0": 26,
      "1": 26,
      "2": 26,
      "3": 26,
      "4": 26,
      "5": 26,
      "6": 26
    },
    "f": {
      "0": 26,
      "1": 26
    },
    "b": {
      "0": [
        26,
        26
      ]
    },
    "inputSourceMap": {
      "version": 3,
      "mappings": "AACA,SAASA,YAAT,QAAqC,iBAArC;AACA,SAASC,cAAT,QAA+B,oCAA/B;AACA,SAASC,iBAAT,QAAkC,0CAAlC;;;AAGA,MAAMC,MAAM,GAAW,CACrB;EAAEC,KAAK,EAAE,OAAT;EAAkBC,IAAI,EAAE,OAAxB;EAAiCC,SAAS,EAAEL;AAA5C,CADqB,EAErB;EAAEG,KAAK,EAAE,UAAT;EAAqBC,IAAI,EAAE,UAA3B;EAAuCC,SAAS,EAAEJ;AAAlD,CAFqB,CAAvB;AASA,WAAaK,iBAAb;EAAM,MAAOA,iBAAP,CAAwB;;;qBAAjBA;EAAiB;;;UAAjBA;;;cAHDP,YAAY,CAACQ,QAAb,CAAsBL,MAAtB,GACAH;;EAEZ,OAAaO,iBAAb;AAAA",
      "names": [
        "RouterModule",
        "LoginComponent",
        "RegisterComponent",
        "routes",
        "title",
        "path",
        "component",
        "AuthRoutingModule",
        "forChild"
      ],
      "sourceRoot": "",
      "sources": [
        "/home/marilia/Documentos/Master-OpenClassrooms/projet-05/Testez-une-application-full-stack/front/src/app/features/auth/auth-routing.module.ts"
      ],
      "sourcesContent": [
        "import { NgModule } from '@angular/core';\nimport { RouterModule, Routes } from '@angular/router';\nimport { LoginComponent } from './components/login/login.component';\nimport { RegisterComponent } from './components/register/register.component';\n\n\nconst routes: Routes = [\n  { title: 'Login', path: 'login', component: LoginComponent },\n  { title: 'Register', path: 'register', component: RegisterComponent }\n];\n\n@NgModule({\n  imports: [RouterModule.forChild(routes)],\n  exports: [RouterModule]\n})\nexport class AuthRoutingModule { }\n"
      ]
    },
    "_coverageSchema": "1a1c01bbd47fc00a2c39e90264f33305004495a9",
    "hash": "94ccdd168ae6fbabb0e312660c2eaf3adcc79661"
  },
  "/home/marilia/Documentos/Master-OpenClassrooms/projet-05/Testez-une-application-full-stack/front/src/app/features/auth/auth.module.ts": {
    "path": "/home/marilia/Documentos/Master-OpenClassrooms/projet-05/Testez-une-application-full-stack/front/src/app/features/auth/auth.module.ts",
    "statementMap": {
      "0": {
        "start": {
          "line": 11,
          "column": 24
        },
        "end": {
          "line": 11,
          "column": 107
        }
      },
      "1": {
        "start": {
          "line": 12,
          "column": 37
        },
        "end": {
          "line": 26,
          "column": 4
        }
      },
      "2": {
        "start": {
          "line": 15,
          "column": 2
        },
        "end": {
          "line": 17,
          "column": 4
        }
      },
      "3": {
        "start": {
          "line": 16,
          "column": 4
        },
        "end": {
          "line": 16,
          "column": 35
        }
      },
      "4": {
        "start": {
          "line": 19,
          "column": 2
        },
        "end": {
          "line": 21,
          "column": 5
        }
      },
      "5": {
        "start": {
          "line": 22,
          "column": 2
        },
        "end": {
          "line": 24,
          "column": 5
        }
      },
      "6": {
        "start": {
          "line": 25,
          "column": 2
        },
        "end": {
          "line": 25,
          "column": 20
        }
      }
    },
    "fnMap": {
      "0": {
        "name": "(anonymous_0)",
        "decl": {
          "start": {
            "line": 12,
            "column": 38
          },
          "end": {
            "line": 12,
            "column": 39
          }
        },
        "loc": {
          "start": {
            "line": 12,
            "column": 44
          },
          "end": {
            "line": 26,
            "column": 1
          }
        },
        "line": 12
      },
      "1": {
        "name": "AuthModule_Factory",
        "decl": {
          "start": {
            "line": 15,
            "column": 29
          },
          "end": {
            "line": 15,
            "column": 47
          }
        },
        "loc": {
          "start": {
            "line": 15,
            "column": 51
          },
          "end": {
            "line": 17,
            "column": 3
          }
        },
        "line": 15
      }
    },
    "branchMap": {
      "0": {
        "loc": {
          "start": {
            "line": 16,
            "column": 16
          },
          "end": {
            "line": 16,
            "column": 31
          }
        },
        "type": "binary-expr",
        "locations": [
          {
            "start": {
              "line": 16,
              "column": 16
            },
            "end": {
              "line": 16,
              "column": 17
            }
          },
          {
            "start": {
              "line": 16,
              "column": 21
            },
            "end": {
              "line": 16,
              "column": 31
            }
          }
        ],
        "line": 16
      }
    },
    "s": {
      "0": 26,
      "1": 26,
      "2": 26,
      "3": 26,
      "4": 26,
      "5": 26,
      "6": 26
    },
    "f": {
      "0": 26,
      "1": 26
    },
    "b": {
      "0": [
        26,
        26
      ]
    },
    "inputSourceMap": {
      "version": 3,
      "mappings": "AACA,SAASA,YAAT,QAA6B,iBAA7B;AACA,SAASC,iBAAT,QAAkC,uBAAlC;AAGA,SAASC,aAAT,QAA8B,wBAA9B;AACA,SAASC,kBAAT,QAAmC,8BAAnC;AACA,SAASC,eAAT,QAAgC,0BAAhC;AACA,SAASC,cAAT,QAA+B,yBAA/B;AACA,SAASC,gBAAT,QAAiC,sBAAjC;AACA,SAASC,WAAT,EAAsBC,mBAAtB,QAAiD,gBAAjD;AACA,SAASC,aAAT,QAA8B,wBAA9B;;AAEA,MAAMC,eAAe,GAAG,CACtBN,eADsB,EAEtBF,aAFsB,EAGtBC,kBAHsB,EAItBM,aAJsB,EAKtBJ,cALsB,CAAxB;AAsBA,WAAaM,UAAb;EAAM,MAAOA,UAAP,CAAiB;;;qBAAVA;EAAU;;;UAAVA;;;cARTV,mBACAD,cACAM,kBACAC,aACAC,qBACGE;;EAGP,OAAaC,UAAb;AAAA",
      "names": [
        "CommonModule",
        "AuthRoutingModule",
        "MatCardModule",
        "MatFormFieldModule",
        "MatButtonModule",
        "MatInputModule",
        "FlexLayoutModule",
        "FormsModule",
        "ReactiveFormsModule",
        "MatIconModule",
        "materialModules",
        "AuthModule"
      ],
      "sourceRoot": "",
      "sources": [
        "/home/marilia/Documentos/Master-OpenClassrooms/projet-05/Testez-une-application-full-stack/front/src/app/features/auth/auth.module.ts"
      ],
      "sourcesContent": [
        "import { NgModule } from '@angular/core';\nimport { CommonModule } from '@angular/common';\nimport { AuthRoutingModule } from './auth-routing.module';\nimport { RegisterComponent } from './components/register/register.component';\nimport { LoginComponent } from './components/login/login.component';\nimport { MatCardModule } from '@angular/material/card';\nimport { MatFormFieldModule } from '@angular/material/form-field';\nimport { MatButtonModule } from '@angular/material/button';\nimport { MatInputModule } from '@angular/material/input';\nimport { FlexLayoutModule } from '@angular/flex-layout';\nimport { FormsModule, ReactiveFormsModule } from '@angular/forms';\nimport { MatIconModule } from '@angular/material/icon';\n\nconst materialModules = [\n  MatButtonModule,\n  MatCardModule,\n  MatFormFieldModule,\n  MatIconModule,\n  MatInputModule\n]\n\n@NgModule({\n  declarations: [\n    RegisterComponent,\n    LoginComponent\n  ],\n  imports: [\n    AuthRoutingModule,\n    CommonModule,\n    FlexLayoutModule,\n    FormsModule,\n    ReactiveFormsModule,\n    ...materialModules\n  ]\n})\nexport class AuthModule { }\n"
      ]
    },
    "_coverageSchema": "1a1c01bbd47fc00a2c39e90264f33305004495a9",
    "hash": "2c73c9c35dcfe2f1cff9e177521366bb8831f87b"
  },
  "/home/marilia/Documentos/Master-OpenClassrooms/projet-05/Testez-une-application-full-stack/front/src/app/features/sessions/sessions-routing.module.ts": {
    "path": "/home/marilia/Documentos/Master-OpenClassrooms/projet-05/Testez-une-application-full-stack/front/src/app/features/sessions/sessions-routing.module.ts",
    "statementMap": {
      "0": {
        "start": {
          "line": 7,
          "column": 15
        },
        "end": {
          "line": 23,
          "column": 2
        }
      },
      "1": {
        "start": {
          "line": 24,
          "column": 48
        },
        "end": {
          "line": 38,
          "column": 4
        }
      },
      "2": {
        "start": {
          "line": 27,
          "column": 2
        },
        "end": {
          "line": 29,
          "column": 4
        }
      },
      "3": {
        "start": {
          "line": 28,
          "column": 4
        },
        "end": {
          "line": 28,
          "column": 46
        }
      },
      "4": {
        "start": {
          "line": 31,
          "column": 2
        },
        "end": {
          "line": 33,
          "column": 5
        }
      },
      "5": {
        "start": {
          "line": 34,
          "column": 2
        },
        "end": {
          "line": 36,
          "column": 5
        }
      },
      "6": {
        "start": {
          "line": 37,
          "column": 2
        },
        "end": {
          "line": 37,
          "column": 31
        }
      }
    },
    "fnMap": {
      "0": {
        "name": "(anonymous_0)",
        "decl": {
          "start": {
            "line": 24,
            "column": 49
          },
          "end": {
            "line": 24,
            "column": 50
          }
        },
        "loc": {
          "start": {
            "line": 24,
            "column": 55
          },
          "end": {
            "line": 38,
            "column": 1
          }
        },
        "line": 24
      },
      "1": {
        "name": "SessionsRoutingModule_Factory",
        "decl": {
          "start": {
            "line": 27,
            "column": 40
          },
          "end": {
            "line": 27,
            "column": 69
          }
        },
        "loc": {
          "start": {
            "line": 27,
            "column": 73
          },
          "end": {
            "line": 29,
            "column": 3
          }
        },
        "line": 27
      }
    },
    "branchMap": {
      "0": {
        "loc": {
          "start": {
            "line": 28,
            "column": 16
          },
          "end": {
            "line": 28,
            "column": 42
          }
        },
        "type": "binary-expr",
        "locations": [
          {
            "start": {
              "line": 28,
              "column": 16
            },
            "end": {
              "line": 28,
              "column": 17
            }
          },
          {
            "start": {
              "line": 28,
              "column": 21
            },
            "end": {
              "line": 28,
              "column": 42
            }
          }
        ],
        "line": 28
      }
    },
    "s": {
      "0": 18,
      "1": 18,
      "2": 18,
      "3": 18,
      "4": 18,
      "5": 18,
      "6": 18
    },
    "f": {
      "0": 18,
      "1": 18
    },
    "b": {
      "0": [
        18,
        18
      ]
    },
    "inputSourceMap": {
      "version": 3,
      "mappings": "AACA,SAASA,YAAT,QAAqC,iBAArC;AACA,SAASC,eAAT,QAAgC,sCAAhC;AACA,SAASC,aAAT,QAA8B,kCAA9B;AACA,SAASC,aAAT,QAA8B,kCAA9B;;;AAEA,MAAMC,MAAM,GAAW,CACrB;EAAEC,IAAI,EAAE,EAAR;EAAYC,KAAK,EAAE,UAAnB;EAA+BC,SAAS,EAAEJ;AAA1C,CADqB,EAErB;EAAEE,IAAI,EAAE,YAAR;EAAsBC,KAAK,EAAE,mBAA7B;EAAkDC,SAAS,EAAEN;AAA7D,CAFqB,EAGrB;EAAEI,IAAI,EAAE,QAAR;EAAkBC,KAAK,EAAE,mBAAzB;EAA8CC,SAAS,EAAEL;AAAzD,CAHqB,EAIrB;EAAEG,IAAI,EAAE,YAAR;EAAsBC,KAAK,EAAE,mBAA7B;EAAkDC,SAAS,EAAEL;AAA7D,CAJqB,CAAvB;AAWA,WAAaM,qBAAb;EAAM,MAAOA,qBAAP,CAA4B;;;qBAArBA;EAAqB;;;UAArBA;;;cAHDR,YAAY,CAACS,QAAb,CAAsBL,MAAtB,GACAJ;;EAEZ,OAAaQ,qBAAb;AAAA",
      "names": [
        "RouterModule",
        "DetailComponent",
        "FormComponent",
        "ListComponent",
        "routes",
        "path",
        "title",
        "component",
        "SessionsRoutingModule",
        "forChild"
      ],
      "sourceRoot": "",
      "sources": [
        "/home/marilia/Documentos/Master-OpenClassrooms/projet-05/Testez-une-application-full-stack/front/src/app/features/sessions/sessions-routing.module.ts"
      ],
      "sourcesContent": [
        "import { NgModule } from '@angular/core';\nimport { RouterModule, Routes } from '@angular/router';\nimport { DetailComponent } from './components/detail/detail.component';\nimport { FormComponent } from './components/form/form.component';\nimport { ListComponent } from './components/list/list.component';\n\nconst routes: Routes = [\n  { path: '', title: 'Sessions', component: ListComponent },\n  { path: 'detail/:id', title: 'Sessions - detail', component: DetailComponent },\n  { path: 'create', title: 'Sessions - create', component: FormComponent },\n  { path: 'update/:id', title: 'Sessions - update', component: FormComponent }\n];\n\n@NgModule({\n  imports: [RouterModule.forChild(routes)],\n  exports: [RouterModule]\n})\nexport class SessionsRoutingModule {\n}\n"
      ]
    },
    "_coverageSchema": "1a1c01bbd47fc00a2c39e90264f33305004495a9",
    "hash": "f15f5e4e6ef49526443c704563a7d45156a4c240"
  },
  "/home/marilia/Documentos/Master-OpenClassrooms/projet-05/Testez-une-application-full-stack/front/src/app/features/sessions/sessions.module.ts": {
    "path": "/home/marilia/Documentos/Master-OpenClassrooms/projet-05/Testez-une-application-full-stack/front/src/app/features/sessions/sessions.module.ts",
    "statementMap": {
      "0": {
        "start": {
          "line": 14,
          "column": 0
        },
        "end": {
          "line": 14,
          "column": 29
        }
      },
      "1": {
        "start": {
          "line": 15,
          "column": 24
        },
        "end": {
          "line": 15,
          "column": 143
        }
      },
      "2": {
        "start": {
          "line": 16,
          "column": 41
        },
        "end": {
          "line": 30,
          "column": 4
        }
      },
      "3": {
        "start": {
          "line": 19,
          "column": 2
        },
        "end": {
          "line": 21,
          "column": 4
        }
      },
      "4": {
        "start": {
          "line": 20,
          "column": 4
        },
        "end": {
          "line": 20,
          "column": 39
        }
      },
      "5": {
        "start": {
          "line": 23,
          "column": 2
        },
        "end": {
          "line": 25,
          "column": 5
        }
      },
      "6": {
        "start": {
          "line": 26,
          "column": 2
        },
        "end": {
          "line": 28,
          "column": 5
        }
      },
      "7": {
        "start": {
          "line": 29,
          "column": 2
        },
        "end": {
          "line": 29,
          "column": 24
        }
      }
    },
    "fnMap": {
      "0": {
        "name": "(anonymous_0)",
        "decl": {
          "start": {
            "line": 16,
            "column": 42
          },
          "end": {
            "line": 16,
            "column": 43
          }
        },
        "loc": {
          "start": {
            "line": 16,
            "column": 48
          },
          "end": {
            "line": 30,
            "column": 1
          }
        },
        "line": 16
      },
      "1": {
        "name": "SessionsModule_Factory",
        "decl": {
          "start": {
            "line": 19,
            "column": 33
          },
          "end": {
            "line": 19,
            "column": 55
          }
        },
        "loc": {
          "start": {
            "line": 19,
            "column": 59
          },
          "end": {
            "line": 21,
            "column": 3
          }
        },
        "line": 19
      }
    },
    "branchMap": {
      "0": {
        "loc": {
          "start": {
            "line": 20,
            "column": 16
          },
          "end": {
            "line": 20,
            "column": 35
          }
        },
        "type": "binary-expr",
        "locations": [
          {
            "start": {
              "line": 20,
              "column": 16
            },
            "end": {
              "line": 20,
              "column": 17
            }
          },
          {
            "start": {
              "line": 20,
              "column": 21
            },
            "end": {
              "line": 20,
              "column": 35
            }
          }
        ],
        "line": 20
      }
    },
    "s": {
      "0": 18,
      "1": 18,
      "2": 18,
      "3": 18,
      "4": 18,
      "5": 18,
      "6": 18,
      "7": 18
    },
    "f": {
      "0": 18,
      "1": 18
    },
    "b": {
      "0": [
        18,
        18
      ]
    },
    "inputSourceMap": {
      "version": 3,
      "mappings": "AACA,SAASA,YAAT,EAAuBC,kBAAvB,QAAiD,iBAAjD;AACA,SAASC,gBAAT,QAAiC,sBAAjC;AACA,SAASC,mBAAT,QAAoC,gBAApC;AACA,SAASC,eAAT,QAAgC,0BAAhC;AACA,SAASC,aAAT,QAA8B,wBAA9B;AACA,SAASC,kBAAT,QAAmC,8BAAnC;AACA,SAASC,aAAT,QAA8B,wBAA9B;AACA,SAASC,cAAT,QAA+B,yBAA/B;AACA,SAASC,eAAT,QAAgC,0BAAhC;AACA,SAASC,iBAAT,QAAkC,6BAAlC;AAIA,SAASC,qBAAT,QAAsC,2BAAtC;AACA,OAAOC,QAAP,MAAqB,4BAArB;;AACAX,kBAAkB,CAACW,QAAD,CAAlB;AAEA,MAAMC,eAAe,GAAG,CACtBT,eADsB,EAEtBC,aAFsB,EAGtBC,kBAHsB,EAItBC,aAJsB,EAKtBC,cALsB,EAMtBE,iBANsB,EAOtBD,eAPsB,CAAxB;AAwBA,WAAaK,cAAb;EAAM,MAAOA,cAAP,CAAqB;;;qBAAdA;EAAc;;;UAAdA;;;cAPTd,cACAE,kBACAC,qBACAQ,uBACGE;;EAGP,OAAaC,cAAb;AAAA",
      "names": [
        "CommonModule",
        "registerLocaleData",
        "FlexLayoutModule",
        "ReactiveFormsModule",
        "MatButtonModule",
        "MatCardModule",
        "MatFormFieldModule",
        "MatIconModule",
        "MatInputModule",
        "MatSelectModule",
        "MatSnackBarModule",
        "SessionsRoutingModule",
        "localeFr",
        "materialModules",
        "SessionsModule"
      ],
      "sourceRoot": "",
      "sources": [
        "/home/marilia/Documentos/Master-OpenClassrooms/projet-05/Testez-une-application-full-stack/front/src/app/features/sessions/sessions.module.ts"
      ],
      "sourcesContent": [
        "import { NgModule } from '@angular/core';\nimport { CommonModule, registerLocaleData } from '@angular/common';\nimport { FlexLayoutModule } from '@angular/flex-layout';\nimport { ReactiveFormsModule } from '@angular/forms';\nimport { MatButtonModule } from '@angular/material/button';\nimport { MatCardModule } from '@angular/material/card';\nimport { MatFormFieldModule } from '@angular/material/form-field';\nimport { MatIconModule } from '@angular/material/icon';\nimport { MatInputModule } from '@angular/material/input';\nimport { MatSelectModule } from '@angular/material/select';\nimport { MatSnackBarModule } from '@angular/material/snack-bar';\nimport { ListComponent } from './components/list/list.component';\nimport { FormComponent } from './components/form/form.component';\nimport { DetailComponent } from './components/detail/detail.component';\nimport { SessionsRoutingModule } from './sessions-routing.module';\nimport localeFr from '@angular/common/locales/fr';\nregisterLocaleData(localeFr);\n\nconst materialModules = [\n  MatButtonModule,\n  MatCardModule,\n  MatFormFieldModule,\n  MatIconModule,\n  MatInputModule,\n  MatSnackBarModule,\n  MatSelectModule\n];\n\n@NgModule({\n  declarations: [\n    ListComponent,\n    FormComponent,\n    DetailComponent\n  ],\n  imports: [\n    CommonModule,\n    FlexLayoutModule,\n    ReactiveFormsModule,\n    SessionsRoutingModule,\n    ...materialModules\n  ]\n})\nexport class SessionsModule { }\n"
      ]
    },
    "_coverageSchema": "1a1c01bbd47fc00a2c39e90264f33305004495a9",
    "hash": "9b6a43d82ceecb798e8beb0ee64866273e2323f0"
  }
}